2024-11-04 01:48:14 [INFO]: Crawler Initialized
2024-11-04 01:48:15 [INFO]: Data saved to data\results_1730665095739.json
2024-11-04 01:48:15 [INFO]: Data saved successfully
2024-11-04 01:49:30 [INFO]: Crawler Initialized
2024-11-04 01:49:32 [INFO]: Data saved to data\results_1730665172147.json
2024-11-04 01:49:32 [INFO]: Data saved successfully
2024-11-04 01:49:48 [INFO]: Crawler Initialized
2024-11-04 01:49:50 [INFO]: Data saved to data\results_1730665190146.json
2024-11-04 01:49:50 [INFO]: Data saved successfully
2024-11-04 01:50:33 [INFO]: Crawler Initialized
2024-11-04 01:50:33 [INFO]: Fetching URL
2024-11-04 01:50:34 [INFO]: URL: https://www.ubisoft.com/en-gb/, Data size: 316034 bytes
2024-11-04 01:50:34 [INFO]: Fetching URL
2024-11-04 01:50:34 [INFO]: URL: https://www.ubisoft.com/en-gb/, Data size: 316034 bytes
2024-11-04 01:50:34 [INFO]: Data saved to data\results_1730665234870.json
2024-11-04 01:50:34 [INFO]: Data saved successfully
2024-11-04 01:51:59 [INFO]: Crawler Initialized
2024-11-04 01:51:59 [INFO]: Fetching URL
2024-11-04 01:52:01 [INFO]: URL: https://www.ubisoft.com/en-gb/, Data size: 316034 bytes
2024-11-04 01:52:01 [INFO]: Fetching URL
2024-11-04 01:52:01 [INFO]: URL: https://www.ubisoft.com/en-gb/, Data size: 316034 bytes
2024-11-04 01:52:01 [INFO]: Data saved to data\results_1730665321934.json
